<?xml version="1.0" encoding="UTF-8"?>
<coverage generated="1784703309052" clover="3.2.0">
  <project timestamp="1784703309052" name="All files">
    <metrics statements="25" coveredstatements="16" conditionals="14" coveredconditionals="5" methods="12" coveredmethods="6" elements="51" coveredelements="27" complexity="0" loc="25" ncloc="25" packages="2" files="7" classes="7"/>
    <package name="assets">
      <metrics statements="0" coveredstatements="0" conditionals="0" coveredconditionals="0" methods="0" coveredmethods="0"/>
      <file name="laptop_cta.png" path="C:\stargrowthhub\src\assets\laptop_cta.png">
        <metrics statements="0" coveredstatements="0" conditionals="0" coveredconditionals="0" methods="0" coveredmethods="0"/>
      </file>
    </package>
    <package name="components">
      <metrics statements="25" coveredstatements="16" conditionals="14" coveredconditionals="5" methods="12" coveredmethods="6"/>
      <file name="CTA.css" path="C:\stargrowthhub\src\components\CTA.css">
        <metrics statements="0" coveredstatements="0" conditionals="0" coveredconditionals="0" methods="0" coveredmethods="0"/>
      </file>
      <file name="CTA.jsx" path="C:\stargrowthhub\src\components\CTA.jsx">
        <metrics statements="2" coveredstatements="2" conditionals="0" coveredconditionals="0" methods="1" coveredmethods="1"/>
        <line num="9" count="1" type="stmt"/>
        <line num="10" count="2" type="stmt"/>
      </file>
      <file name="Footer.css" path="C:\stargrowthhub\src\components\Footer.css">
        <metrics statements="0" coveredstatements="0" conditionals="0" coveredconditionals="0" methods="0" coveredmethods="0"/>
      </file>
      <file name="Footer.jsx" path="C:\stargrowthhub\src\components\Footer.jsx">
        <metrics statements="9" coveredstatements="4" conditionals="12" coveredconditionals="4" methods="5" coveredmethods="1"/>
        <line num="7" count="1" type="stmt"/>
        <line num="8" count="2" type="stmt"/>
        <line num="10" count="2" type="stmt"/>
        <line num="11" count="0" type="cond" truecount="0" falsecount="2"/>
        <line num="12" count="0" type="cond" truecount="0" falsecount="2"/>
        <line num="16" count="2" type="stmt"/>
        <line num="33" count="0" type="stmt"/>
        <line num="65" count="0" type="stmt"/>
        <line num="83" count="0" type="stmt"/>
      </file>
      <file name="Stats.css" path="C:\stargrowthhub\src\components\Stats.css">
        <metrics statements="0" coveredstatements="0" conditionals="0" coveredconditionals="0" methods="0" coveredmethods="0"/>
      </file>
      <file name="Stats.jsx" path="C:\stargrowthhub\src\components\Stats.jsx">
        <metrics statements="14" coveredstatements="10" conditionals="2" coveredconditionals="1" methods="6" coveredmethods="4"/>
        <line num="6" count="1" type="stmt"/>
        <line num="7" count="8" type="stmt"/>
        <line num="8" count="8" type="stmt"/>
        <line num="10" count="8" type="stmt"/>
        <line num="11" count="8" type="cond" truecount="1" falsecount="1"/>
        <line num="12" count="0" type="stmt"/>
        <line num="13" count="0" type="stmt"/>
        <line num="17" count="0" type="stmt"/>
        <line num="20" count="0" type="stmt"/>
        <line num="24" count="8" type="stmt"/>
        <line num="32" count="1" type="stmt"/>
        <line num="59" count="1" type="stmt"/>
        <line num="60" count="2" type="stmt"/>
        <line num="107" count="8" type="stmt"/>
      </file>
    </package>
  </project>
</coverage>
