{"C:\\stargrowthhub\\src\\assets\\laptop_cta.png": {"path":"C:\\stargrowthhub\\src\\assets\\laptop_cta.png","statementMap":{},"fnMap":{},"branchMap":{},"s":{},"f":{},"b":{},"meta":{"lastBranch":0,"lastFunction":0,"lastStatement":0,"seen":{},"fnNames":{}}}
,"C:\\stargrowthhub\\src\\components\\CTA.css": {"path":"C:\\stargrowthhub\\src\\components\\CTA.css","statementMap":{},"fnMap":{},"branchMap":{},"s":{},"f":{},"b":{},"meta":{"lastBranch":0,"lastFunction":0,"lastStatement":0,"seen":{},"fnNames":{}}}
,"C:\\stargrowthhub\\src\\components\\CTA.jsx": {"path":"C:\\stargrowthhub\\src\\components\\CTA.jsx","statementMap":{"0":{"start":{"line":9,"column":6},"end":{"line":57,"column":null}},"1":{"start":{"line":10,"column":2},"end":{"line":55,"column":null}}},"fnMap":{"0":{"name":"(anonymous_0)","decl":{"start":{"line":9,"column":6},"end":{"line":9,"column":18}},"loc":{"start":{"line":9,"column":18},"end":{"line":57,"column":null}},"line":9}},"branchMap":{},"s":{"0":1,"1":2},"f":{"0":2},"b":{},"meta":{"lastBranch":0,"lastFunction":1,"lastStatement":2,"seen":{"s:9:6:57:Infinity":0,"f:9:6:9:18":0,"s:10:2:55:Infinity":1},"fnNames":{}}}
,"C:\\stargrowthhub\\src\\components\\Footer.css": {"path":"C:\\stargrowthhub\\src\\components\\Footer.css","statementMap":{},"fnMap":{},"branchMap":{},"s":{},"f":{},"b":{},"meta":{"lastBranch":0,"lastFunction":0,"lastStatement":0,"seen":{},"fnNames":{}}}
,"C:\\stargrowthhub\\src\\components\\Footer.jsx": {"path":"C:\\stargrowthhub\\src\\components\\Footer.jsx","statementMap":{"0":{"start":{"line":7,"column":6},"end":{"line":136,"column":null}},"1":{"start":{"line":8,"column":40},"end":{"line":8,"column":null}},"2":{"start":{"line":10,"column":8},"end":{"line":14,"column":null}},"3":{"start":{"line":11,"column":4},"end":{"line":13,"column":null}},"4":{"start":{"line":12,"column":6},"end":{"line":12,"column":null}},"5":{"start":{"line":16,"column":2},"end":{"line":134,"column":null}},"6":{"start":{"line":33,"column":29},"end":{"line":33,"column":null}},"7":{"start":{"line":65,"column":62},"end":{"line":65,"column":null}},"8":{"start":{"line":83,"column":62},"end":{"line":83,"column":null}}},"fnMap":{"0":{"name":"(anonymous_0)","decl":{"start":{"line":7,"column":6},"end":{"line":7,"column":21}},"loc":{"start":{"line":7,"column":21},"end":{"line":136,"column":null}},"line":7},"1":{"name":"(anonymous_1)","decl":{"start":{"line":10,"column":8},"end":{"line":10,"column":25}},"loc":{"start":{"line":10,"column":37},"end":{"line":14,"column":null}},"line":10},"2":{"name":"(anonymous_2)","decl":{"start":{"line":33,"column":14},"end":{"line":33,"column":29}},"loc":{"start":{"line":33,"column":29},"end":{"line":33,"column":null}},"line":33},"3":{"name":"(anonymous_3)","decl":{"start":{"line":65,"column":47},"end":{"line":65,"column":62}},"loc":{"start":{"line":65,"column":62},"end":{"line":65,"column":null}},"line":65},"4":{"name":"(anonymous_4)","decl":{"start":{"line":83,"column":47},"end":{"line":83,"column":62}},"loc":{"start":{"line":83,"column":62},"end":{"line":83,"column":null}},"line":83}},"branchMap":{"0":{"loc":{"start":{"line":11,"column":4},"end":{"line":13,"column":null}},"type":"if","locations":[{"start":{"line":11,"column":4},"end":{"line":13,"column":null}},{"start":{},"end":{}}],"line":11},"1":{"loc":{"start":{"line":12,"column":21},"end":{"line":12,"column":61}},"type":"cond-expr","locations":[{"start":{"line":12,"column":47},"end":{"line":12,"column":54}},{"start":{"line":12,"column":54},"end":{"line":12,"column":61}}],"line":12},"2":{"loc":{"start":{"line":67,"column":52},"end":{"line":67,"column":109}},"type":"cond-expr","locations":[{"start":{"line":67,"column":78},"end":{"line":67,"column":93}},{"start":{"line":67,"column":92},"end":{"line":67,"column":109}}],"line":67},"3":{"loc":{"start":{"line":69,"column":55},"end":{"line":69,"column":null}},"type":"cond-expr","locations":[{"start":{"line":69,"column":81},"end":{"line":69,"column":90}},{"start":{"line":69,"column":90},"end":{"line":69,"column":null}}],"line":69},"4":{"loc":{"start":{"line":85,"column":52},"end":{"line":85,"column":112}},"type":"cond-expr","locations":[{"start":{"line":85,"column":81},"end":{"line":85,"column":96}},{"start":{"line":85,"column":95},"end":{"line":85,"column":112}}],"line":85},"5":{"loc":{"start":{"line":87,"column":55},"end":{"line":87,"column":null}},"type":"cond-expr","locations":[{"start":{"line":87,"column":84},"end":{"line":87,"column":93}},{"start":{"line":87,"column":93},"end":{"line":87,"column":null}}],"line":87}},"s":{"0":1,"1":2,"2":2,"3":0,"4":0,"5":2,"6":0,"7":0,"8":0},"f":{"0":2,"1":0,"2":0,"3":0,"4":0},"b":{"0":[0,0],"1":[0,0],"2":[0,2],"3":[0,2],"4":[0,2],"5":[0,2]},"meta":{"lastBranch":6,"lastFunction":5,"lastStatement":9,"seen":{"s:7:6:136:Infinity":0,"f:7:6:7:21":0,"s:8:40:8:Infinity":1,"s:10:8:14:Infinity":2,"f:10:8:10:25":1,"b:11:4:13:Infinity:undefined:undefined:undefined:undefined":0,"s:11:4:13:Infinity":3,"s:12:6:12:Infinity":4,"b:12:47:12:54:12:54:12:61":1,"s:16:2:134:Infinity":5,"f:33:14:33:29":2,"s:33:29:33:Infinity":6,"f:65:47:65:62":3,"s:65:62:65:Infinity":7,"b:67:78:67:93:67:92:67:109":2,"b:69:81:69:90:69:90:69:Infinity":3,"f:83:47:83:62":4,"s:83:62:83:Infinity":8,"b:85:81:85:96:85:95:85:112":4,"b:87:84:87:93:87:93:87:Infinity":5},"fnNames":{}}}
,"C:\\stargrowthhub\\src\\components\\Stats.css": {"path":"C:\\stargrowthhub\\src\\components\\Stats.css","statementMap":{},"fnMap":{},"branchMap":{},"s":{},"f":{},"b":{},"meta":{"lastBranch":0,"lastFunction":0,"lastStatement":0,"seen":{},"fnNames":{}}}
,"C:\\stargrowthhub\\src\\components\\Stats.jsx": {"path":"C:\\stargrowthhub\\src\\components\\Stats.jsx","statementMap":{"0":{"start":{"line":6,"column":6},"end":{"line":30,"column":null}},"1":{"start":{"line":7,"column":18},"end":{"line":7,"column":null}},"2":{"start":{"line":8,"column":19},"end":{"line":8,"column":null}},"3":{"start":{"line":10,"column":2},"end":{"line":22,"column":null}},"4":{"start":{"line":11,"column":4},"end":{"line":21,"column":null}},"5":{"start":{"line":12,"column":19},"end":{"line":12,"column":null}},"6":{"start":{"line":13,"column":23},"end":{"line":19,"column":null}},"7":{"start":{"line":17,"column":10},"end":{"line":17,"column":null}},"8":{"start":{"line":20,"column":6},"end":{"line":20,"column":null}},"9":{"start":{"line":20,"column":19},"end":{"line":20,"column":null}},"10":{"start":{"line":24,"column":2},"end":{"line":28,"column":null}},"11":{"start":{"line":32,"column":18},"end":{"line":57,"column":null}},"12":{"start":{"line":59,"column":6},"end":{"line":127,"column":null}},"13":{"start":{"line":60,"column":2},"end":{"line":125,"column":null}},"14":{"start":{"line":107,"column":12},"end":{"line":120,"column":null}}},"fnMap":{"0":{"name":"(anonymous_0)","decl":{"start":{"line":6,"column":6},"end":{"line":6,"column":25}},"loc":{"start":{"line":6,"column":47},"end":{"line":30,"column":null}},"line":6},"1":{"name":"(anonymous_1)","decl":{"start":{"line":10,"column":2},"end":{"line":10,"column":18}},"loc":{"start":{"line":10,"column":18},"end":{"line":22,"column":5}},"line":10},"2":{"name":"onUpdate","decl":{"start":{"line":16,"column":8},"end":{"line":16,"column":17}},"loc":{"start":{"line":16,"column":20},"end":{"line":18,"column":null}},"line":16},"3":{"name":"(anonymous_3)","decl":{"start":{"line":20,"column":6},"end":{"line":20,"column":19}},"loc":{"start":{"line":20,"column":19},"end":{"line":20,"column":null}},"line":20},"4":{"name":"(anonymous_4)","decl":{"start":{"line":59,"column":6},"end":{"line":59,"column":20}},"loc":{"start":{"line":59,"column":20},"end":{"line":127,"column":null}},"line":59},"5":{"name":"(anonymous_5)","decl":{"start":{"line":106,"column":21},"end":{"line":106,"column":26}},"loc":{"start":{"line":107,"column":12},"end":{"line":120,"column":null}},"line":107}},"branchMap":{"0":{"loc":{"start":{"line":11,"column":4},"end":{"line":21,"column":null}},"type":"if","locations":[{"start":{"line":11,"column":4},"end":{"line":21,"column":null}},{"start":{},"end":{}}],"line":11}},"s":{"0":1,"1":8,"2":8,"3":8,"4":8,"5":0,"6":0,"7":0,"8":0,"9":0,"10":8,"11":1,"12":1,"13":2,"14":8},"f":{"0":8,"1":8,"2":0,"3":0,"4":2,"5":8},"b":{"0":[0,8]},"meta":{"lastBranch":1,"lastFunction":6,"lastStatement":15,"seen":{"s:6:6:30:Infinity":0,"f:6:6:6:25":0,"s:7:18:7:Infinity":1,"s:8:19:8:Infinity":2,"s:10:2:22:Infinity":3,"f:10:2:10:18":1,"b:11:4:21:Infinity:undefined:undefined:undefined:undefined":0,"s:11:4:21:Infinity":4,"s:12:19:12:Infinity":5,"s:13:23:19:Infinity":6,"f:16:8:16:17":2,"s:17:10:17:Infinity":7,"s:20:6:20:Infinity":8,"f:20:6:20:19":3,"s:20:19:20:Infinity":9,"s:24:2:28:Infinity":10,"s:32:18:57:Infinity":11,"s:59:6:127:Infinity":12,"f:59:6:59:20":4,"s:60:2:125:Infinity":13,"f:106:21:106:26":5,"s:107:12:120:Infinity":14},"fnNames":{}}}
}
